0004
0005
0006
000A
000B
000F
0016
0018
0019
001A
001C
001D
001E
001F
0020
0021
0022
0023
0025
0027
002B
002D
002F
0030
0032
0047
0048
005F
006F
0071
0076
0077
0078
009C
009D
009F
00A0
00A1
00A2
00A4
00AB
0106
0108
0109
010A
010B
010C
010D
010E
010F
0110
0111
0112
0113
0114
0115
0126
015B
015E
0167
0168
0171
017C
017D
017E
017F
01AD
01BA
01C1
01C3
01C5
01C7
01D2
01D3
01D4
01D5
01EC
01ED
01EE
01EF
0204
0205
020C
021D
0220
0222
0223
0224
0279
02AE
02AF
02B4
02D4
02DB
02DC
02EC
02F1
02F4
02F8
02FA
030B
0315
0318
031B
031C
031D
031E
031F
0320
0321
0322
0323
0324
0325
0327
0328
0329
032A
032B
032C
032D
032E
032F
0331
0332
0333
0334
0335
0337
0338
0339
033A
033B
033C
033D
033E
033F
0341
0342
0343
0344
0345
0346
0347
0348
0349
034A
034B
034C
034D
034E
034F
0350
0351
0352
0353
0354
0355
0356
0357
0358
0359
035A
035B
035C
035D
035E
035F
0360
0361
0362
0363
0364
0365
0366
0367
0368
0369
036A
036B
036C
036D
036E
036F
0370
0371
0372
0373
0374
0375
0376
0377
0378
0379
037A
037B
037C
037D
037E
037F
0380
0381
0382
