at+mode=8
 --> COM7
Usb p2k device found, phone connected !
P2k Tci IF up.
Tci command set: P2k05
CDMA Model: V9m
Usb p2k device found, phone connected !
Tci command set: P2k05
CDMA Model: V9m
543 files found.
543 files found.
Usb p2k device found, phone connected !
Tci command set: P2k05
CDMA Model: V9m
543 files found.
543 files found.
CMD: Answer packet invalid!
CMD: Answer packet invalid!
Tci command set: P2k05
CDMA Model: V9m
Usb p2k device found, phone connected !
Tci command set: P2k05
CDMA Model: V9m
543 files found.
543 files found.
CMD: Answer packet invalid!
CMD: Answer packet invalid!
Tci command set: P2k05
CDMA Model: V9m
Usb p2k device found, phone connected !
Tci command set: P2k05
CDMA Model: V9m
543 files found.
543 files found.
CMD: Answer packet invalid!
CMD: Answer packet invalid!
Tci command set: P2k05
CDMA Model: V9m
Usb p2k device found, phone connected !
Tci command set: P2k05
CDMA Model: V9m
543 files found.
543 files found.
CMD: Answer packet invalid!
CMD: Answer packet invalid!
Tci command set: P2k05
CDMA Model: V9m
Usb p2k device found, phone connected !
Tci command set: P2k05
CDMA Model: V9m
543 files found.
543 files found.
CMD: Answer packet invalid!
CMD: Answer packet invalid!
Tci command set: P2k05
CDMA Model: V9m
Usb p2k device found, phone connected !
Tci command set: P2k05
CDMA Model: V9m
543 files found.
543 files found.
CMD: Answer packet invalid!
CMD: Answer packet invalid!
Tci command set: P2k05
CDMA Model: V9m
Usb p2k device found, phone connected !
Tci command set: P2k05
CDMA Model: V9m
543 files found.
543 files found.
020E00000006100096000000000000000201000000000000H
USB_WriteData.DevIoCtrl ok
-------------
0200100000000000000000001140282329504152535F3031H
USB_ReadData.DevIoCtrl ok
CMD: Answer packet invalid!
020E00000006110096000000000000000200000000000000H
USB_WriteData.DevIoCtrl ok
-------------
0200100000000000000000001140282329504152535F3031H
USB_ReadData.DevIoCtrl ok
CMD: Answer packet invalid!
020E000000061200390000000000000002FFFF0000000000H
USB_WriteData.DevIoCtrl ok
-------------
0200100000000000000000001140282329504152535F3031H
USB_ReadData.DevIoCtrl ok
8212003900060000000000121140282329504152535F30312E31352E3044414C4B5F7061H
-------------
02140000000613002000000000000000080004000100000008000000H
USB_WriteData.DevIoCtrl ok
-------------
0200100000000000000000001140282329504152535F3031H
USB_ReadData.DevIoCtrl ok
82130020000600000000000200B8282329504152535F30312E31352E3044414C4B5F7061H
-------------
02140000000614002000000000000000080004000100000008000000H
USB_WriteData.DevIoCtrl ok
-------------
02001000000000000000000000B8282329504152535F3031H
USB_ReadData.DevIoCtrl ok
82140020000600000000000200B8282329504152535F30312E31352E3044414C4B5F7061H
-------------
Tci command set: P2k05
0214000000061500200000000000000008282700010000000A000000H
USB_WriteData.DevIoCtrl ok
-------------
02001000000000000000000000B8282329504152535F3031H
USB_ReadData.DevIoCtrl ok
82150020000600000000000B00560039006D0000000000312E31352E3044414C4B5F7061H
-------------
CDMA Model: V9m
Motorola Test Command
InterfaceNumber is: 00 
Usb p2k device found, phone connected !
02140000000616002000000000000000080004000100000008000000H
USB_WriteData.DevIoCtrl ok
-------------
02001000000000000000000000560039006D000000000031H
USB_ReadData.DevIoCtrl ok
82160020000600000000000200B80039006D0000000000312E31352E3044414C4B5F7061H
-------------
02140000000617002000000000000000080004000100000008000000H
USB_WriteData.DevIoCtrl ok
-------------
02001000000000000000000000B80039006D000000000031H
USB_ReadData.DevIoCtrl ok
82170020000600000000000200B80039006D0000000000312E31352E3044414C4B5F7061H
-------------
Tci command set: P2k05
0214000000061800200000000000000008282700010000000A000000H
USB_WriteData.DevIoCtrl ok
-------------
02001000000000000000000000B80039006D000000000031H
USB_ReadData.DevIoCtrl ok
82180020000600000000000B00560039006D0000000000312E31352E3044414C4B5F7061H
-------------
CDMA Model: V9m
02400000000619004A00000000000000340000000700200020002F0062007200650077002F006D006F0064002F00310030003800380038002F002A002E006A007000670000000000H
USB_WriteData.DevIoCtrl ok
-------------
02001000000000000000000000560039006D000000000031H
USB_ReadData.DevIoCtrl ok
8219004A0006000000000002021F0039006D0000000000312E31352E3044414C4B5F7061H
-------------
543 files found.
543 files found.
0211000000061A004A000000000000000500000008030000H
USB_WriteData.DevIoCtrl ok
-------------
020010000000000000000000021F0039006D000000000031H
USB_ReadData.DevIoCtrl ok
821A004A0006000000000316000300002F612F627265772F6D6F642F31383036372F3031H
-------------
0211000000061B004A000000000000000500000008030000H
USB_WriteData.DevIoCtrl ok
-------------
020010000000000000000000000300002F612F627265772FH
USB_ReadData.DevIoCtrl ok
821B004A0006000000000316000300002F612F627265772F6D6F642F6172636D65646961H
-------------
0211000000061C004A000000000000000500000008030000H
USB_WriteData.DevIoCtrl ok
-------------
020010000000000000000000000300002F612F627265772FH
USB_ReadData.DevIoCtrl ok
821C004A0006000000000316000300002F612F627265772F6D6F642F6172636D65646961H
-------------
0211000000061D004A000000000000000500000008030000H
USB_WriteData.DevIoCtrl ok
-------------
020010000000000000000000000300002F612F627265772FH
USB_ReadData.DevIoCtrl ok
821D004A0006000000000316000300002F612F627265772F6D6F642F6172636D65646961H
-------------
0211000000061E004A000000000000000500000008030000H
USB_WriteData.DevIoCtrl ok
-------------
020010000000000000000000000300002F612F627265772FH
USB_ReadData.DevIoCtrl ok
821E004A0006000000000316000300002F612F627265772F6D6F642F6172636D65646961H
-------------
0211000000061F004A000000000000000500000008030000H
USB_WriteData.DevIoCtrl ok
-------------
020010000000000000000000000300002F612F627265772FH
USB_ReadData.DevIoCtrl ok
821F004A0006000000000316000300002F612F627265772F6D6F642F6172636D65646961H
-------------
02110000000620004A000000000000000500000008030000H
USB_WriteData.DevIoCtrl ok
-------------
020010000000000000000000000300002F612F627265772FH
USB_ReadData.DevIoCtrl ok
8220004A0006000000000316000300002F612F627265772F6D6F642F6172636D65646961H
-------------
02110000000621004A000000000000000500000008030000H
USB_WriteData.DevIoCtrl ok
-------------
020010000000000000000000000300002F612F627265772FH
USB_ReadData.DevIoCtrl ok
8221004A0006000000000316000300002F612F627265772F6D6F642F6172636D65646961H
-------------
02110000000622004A000000000000000500000008030000H
USB_WriteData.DevIoCtrl ok
-------------
020010000000000000000000000300002F612F627265772FH
USB_ReadData.DevIoCtrl ok
8222004A0006000000000316000300002F612F627265772F6D6F642F6172636D65646961H
-------------
02110000000623004A000000000000000500000008030000H
USB_WriteData.DevIoCtrl ok
-------------
020010000000000000000000000300002F612F627265772FH
USB_ReadData.DevIoCtrl ok
8223004A0006000000000316000300002F612F627265772F6D6F642F6172636D65646961H
-------------
02110000000624004A000000000000000500000008030000H
USB_WriteData.DevIoCtrl ok
-------------
020010000000000000000000000300002F612F627265772FH
USB_ReadData.DevIoCtrl ok
8224004A0006000000000316000300002F612F627265772F6D6F642F6172636D65646961H
-------------
02110000000625004A000000000000000500000008030000H
USB_WriteData.DevIoCtrl ok
-------------
020010000000000000000000000300002F612F627265772FH
USB_ReadData.DevIoCtrl ok
8225004A0006000000000316000300002F612F627265772F6D6F642F6172636D65646961H
-------------
02110000000626004A000000000000000500000008030000H
USB_WriteData.DevIoCtrl ok
-------------
020010000000000000000000000300002F612F627265772FH
USB_ReadData.DevIoCtrl ok
8226004A0006000000000316000300002F612F627265772F6D6F642F6172636D65646961H
-------------
02110000000627004A000000000000000500000008030000H
USB_WriteData.DevIoCtrl ok
-------------
020010000000000000000000000300002F612F627265772FH
USB_ReadData.DevIoCtrl ok
8227004A0006000000000316000300002F612F627265772F6D6F642F6172636D65646961H
-------------
02110000000628004A000000000000000500000008030000H
USB_WriteData.DevIoCtrl ok
-------------
020010000000000000000000000300002F612F627265772FH
USB_ReadData.DevIoCtrl ok
8228004A0006000000000316000300002F612F627265772F6D6F642F6172636D65646961H
-------------
02110000000629004A000000000000000500000008030000H
USB_WriteData.DevIoCtrl ok
-------------
020010000000000000000000000300002F612F627265772FH
USB_ReadData.DevIoCtrl ok
8229004A0006000000000316000300002F612F627265772F6D6F642F6172636D65646961H
-------------
0211000000062A004A000000000000000500000008030000H
USB_WriteData.DevIoCtrl ok
-------------
020010000000000000000000000300002F612F627265772FH
USB_ReadData.DevIoCtrl ok
822A004A0006000000000316000300002F612F627265772F6D6F642F6172636D65646961H
-------------
0211000000062B004A000000000000000500000008030000H
USB_WriteData.DevIoCtrl ok
-------------
020010000000000000000000000300002F612F627265772FH
USB_ReadData.DevIoCtrl ok
822B004A0006000000000316000300002F612F627265772F6D6F642F6172636D65646961H
-------------
0211000000062C004A000000000000000500000008030000H
USB_WriteData.DevIoCtrl ok
-------------
020010000000000000000000000300002F612F627265772FH
USB_ReadData.DevIoCtrl ok
822C004A0006000000000316000300002F612F627265772F6D6F642F6172636D65646961H
-------------
0211000000062D004A000000000000000500000008030000H
USB_WriteData.DevIoCtrl ok
-------------
020010000000000000000000000300002F612F627265772FH
USB_ReadData.DevIoCtrl ok
822D004A0006000000000316000300002F612F627265772F6D6F642F6172636D65646961H
-------------
0211000000062E004A000000000000000500000008030000H
USB_WriteData.DevIoCtrl ok
-------------
020010000000000000000000000300002F612F627265772FH
USB_ReadData.DevIoCtrl ok
822E004A0006000000000316000300002F612F627265772F6D6F642F6172636D65646961H
-------------
0211000000062F004A000000000000000500000008030000H
USB_WriteData.DevIoCtrl ok
-------------
020010000000000000000000000300002F612F627265772FH
USB_ReadData.DevIoCtrl ok
822F004A0006000000000316000300002F612F627265772F6D6F642F6172636D65646961H
-------------
02110000000630004A000000000000000500000008030000H
USB_WriteData.DevIoCtrl ok
-------------
020010000000000000000000000300002F612F627265772FH
USB_ReadData.DevIoCtrl ok
8230004A0006000000000316000300002F612F6D6F746F726F6C612F73797374656D2F31H
-------------
02110000000631004A000000000000000500000008030000H
USB_WriteData.DevIoCtrl ok
-------------
020010000000000000000000000300002F612F6D6F746F72H
USB_ReadData.DevIoCtrl ok
8231004A0006000000000316000300002F612F627265772F6D69662F32313236392E6D69H
-------------
02110000000632004A000000000000000500000008030000H
USB_WriteData.DevIoCtrl ok
-------------
020010000000000000000000000300002F612F627265772FH
USB_ReadData.DevIoCtrl ok
8232004A0006000000000316000300002F612F627265772F6D69662F32313537302E6D69H
-------------
02110000000633004A000000000000000500000008030000H
USB_WriteData.DevIoCtrl ok
-------------
020010000000000000000000000300002F612F627265772FH
USB_ReadData.DevIoCtrl ok
8233004A0006000000000316000300002F612F627265772F6D69662F343937322E6D6966H
-------------
02110000000634004A000000000000000500000008030000H
USB_WriteData.DevIoCtrl ok
-------------
020010000000000000000000000300002F612F627265772FH
USB_ReadData.DevIoCtrl ok
8234004A0006000000000316000300002F612F627265772F6D6F642F343937322F61696DH
-------------
02110000000635004A000000000000000500000008030000H
USB_WriteData.DevIoCtrl ok
-------------
020010000000000000000000000300002F612F627265772FH
USB_ReadData.DevIoCtrl ok
8235004A0006000000000316000300002F612F627265772F6D6F642F31393931392F4169H
-------------
02110000000636004A000000000000000500000008030000H
USB_WriteData.DevIoCtrl ok
-------------
020010000000000000000000000300002F612F627265772FH
USB_ReadData.DevIoCtrl ok
8236004A0006000000000316000300002F612F627265772F6D6F642F6172636D65646961H
-------------
02110000000637004A000000000000000500000008030000H
USB_WriteData.DevIoCtrl ok
-------------
020010000000000000000000000300002F612F627265772FH
USB_ReadData.DevIoCtrl ok
8237004A0006000000000316000300002F612F627265772F6D6F642F31393931392F416DH
-------------
02110000000638004A000000000000000500000008030000H
USB_WriteData.DevIoCtrl ok
-------------
020010000000000000000000000300002F612F627265772FH
USB_ReadData.DevIoCtrl ok
8238004A0006000000000316000300002F612F6D6F746F726F6C612F656D732F416E6772H
-------------
02110000000639004A000000000000000500000008030000H
USB_WriteData.DevIoCtrl ok
-------------
020010000000000000000000000300002F612F6D6F746F72H
USB_ReadData.DevIoCtrl ok
8239004A0006000000000316000300002F612F6D6F746F726F6C612F73797374656D2F61H
-------------
0211000000063A004A000000000000000500000008030000H
USB_WriteData.DevIoCtrl ok
-------------
020010000000000000000000000300002F612F6D6F746F72H
USB_ReadData.DevIoCtrl ok
823A004A0006000000000316000300002F612F627265772F6D6F642F6170705F686D5F64H
-------------
0211000000063B004A000000000000000500000008030000H
USB_WriteData.DevIoCtrl ok
-------------
020010000000000000000000000300002F612F627265772FH
USB_ReadData.DevIoCtrl ok
823B004A0006000000000316000300002F612F627265772F6D6F642F6170705F686D5F66H
-------------
0211000000063C004A000000000000000500000008030000H
USB_WriteData.DevIoCtrl ok
-------------
020010000000000000000000000300002F612F627265772FH
USB_ReadData.DevIoCtrl ok
823C004A0006000000000316000300002F612F627265772F6D6F642F6172636D65646961H
-------------
0211000000063D004A000000000000000500000008030000H
USB_WriteData.DevIoCtrl ok
-------------
020010000000000000000000000300002F612F627265772FH
USB_ReadData.DevIoCtrl ok
823D004A0006000000000316000300002F612F6D6F746F726F6C612F656D732F62616C6CH
-------------
0211000000063E004A000000000000000500000008030000H
USB_WriteData.DevIoCtrl ok
-------------
020010000000000000000000000300002F612F6D6F746F72H
USB_ReadData.DevIoCtrl ok
823E004A0006000000000316000300002F612F627265772F6D6F642F6D795F72696E6765H
-------------
0211000000063F004A000000000000000500000008030000H
USB_WriteData.DevIoCtrl ok
-------------
020010000000000000000000000300002F612F627265772FH
USB_ReadData.DevIoCtrl ok
823F004A0006000000000316000300002F612F6D6F62696C652F736B696E732F426C7565H
-------------
02110000000640004A000000000000000500000008030000H
USB_WriteData.DevIoCtrl ok
-------------
020010000000000000000000000300002F612F6D6F62696CH
USB_ReadData.DevIoCtrl ok
8240004A0006000000000316000300002F612F6D6F62696C652F736B696E732F426C7565H
-------------
02110000000641004A000000000000000500000008030000H
USB_WriteData.DevIoCtrl ok
-------------
020010000000000000000000000300002F612F6D6F62696CH
USB_ReadData.DevIoCtrl ok
8241004A0006000000000316000300002F612F627265772F6D6F642F31393931392F426CH
-------------
02110000000642004A000000000000000500000008030000H
USB_WriteData.DevIoCtrl ok
-------------
020010000000000000000000000300002F612F627265772FH
USB_ReadData.DevIoCtrl ok
8242004A0006000000000316000300002F612F6D6F62696C652F736B696E732F426C7565H
-------------
02110000000643004A000000000000000500000008030000H
USB_WriteData.DevIoCtrl ok
-------------
020010000000000000000000000300002F612F6D6F62696CH
USB_ReadData.DevIoCtrl ok
8243004A0006000000000316000300002F612F6D6F62696C652F736B696E732F426C7565H
-------------
02110000000644004A000000000000000500000008030000H
USB_WriteData.DevIoCtrl ok
-------------
020010000000000000000000000300002F612F6D6F62696CH
USB_ReadData.DevIoCtrl ok
8244004A0006000000000316000300002F612F6D6F62696C652F736B696E732F426C7565H
-------------
02110000000645004A000000000000000500000008030000H
USB_WriteData.DevIoCtrl ok
-------------
020010000000000000000000000300002F612F6D6F62696CH
USB_ReadData.DevIoCtrl ok
8245004A0006000000000316000300002F612F6D6F746F726F6C612F62747072696E742FH
-------------
02110000000646004A000000000000000500000008030000H
USB_WriteData.DevIoCtrl ok
-------------
020010000000000000000000000300002F612F6D6F746F72H
USB_ReadData.DevIoCtrl ok
8246004A0006000000000316000300002F612F425245575F69544150365F557365725F44H
-------------
02110000000647004A000000000000000500000008030000H
USB_WriteData.DevIoCtrl ok
-------------
020010000000000000000000000300002F612F425245575FH
USB_ReadData.DevIoCtrl ok
8247004A0006000000000316000300002F612F6D6F746F726F6C612F62726F777365722FH
-------------
02110000000648004A000000000000000500000008030000H
USB_WriteData.DevIoCtrl ok
-------------
020010000000000000000000000300002F612F6D6F746F72H
USB_ReadData.DevIoCtrl ok
8248004A0006000000000316000300002F612F6D6F746F726F6C612F62726F777365722FH
-------------
02110000000649004A000000000000000500000008030000H
USB_WriteData.DevIoCtrl ok
-------------
020010000000000000000000000300002F612F6D6F746F72H
USB_ReadData.DevIoCtrl ok
8249004A0006000000000316000300002F612F6D6F746F726F6C612F62726F777365722FH
-------------
0211000000064A004A000000000000000500000008030000H
USB_WriteData.DevIoCtrl ok
-------------
020010000000000000000000000300002F612F6D6F746F72H
USB_ReadData.DevIoCtrl ok
824A004A0006000000000316000300002F612F6D6F746F726F6C612F62726F777365722FH
-------------
0211000000064B004A000000000000000500000008030000H
USB_WriteData.DevIoCtrl ok
-------------
020010000000000000000000000300002F612F6D6F746F72H
USB_ReadData.DevIoCtrl ok
824B004A0006000000000316000300002F612F6D6F746F726F6C612F62726F777365722FH
-------------
0211000000064C004A000000000000000500000008030000H
USB_WriteData.DevIoCtrl ok
-------------
020010000000000000000000000300002F612F6D6F746F72H
USB_ReadData.DevIoCtrl ok
824C004A0006000000000316000300002F612F6272775F6F70656E776176655F73706C61H
-------------
0211000000064D004A000000000000000500000008030000H
USB_WriteData.DevIoCtrl ok
-------------
020010000000000000000000000300002F612F6272775F6FH
USB_ReadData.DevIoCtrl ok
824D004A0006000000000316000300002F612F6D6F62696C652F736B696E732F42757369H
-------------
0211000000064E004A000000000000000500000008030000H
USB_WriteData.DevIoCtrl ok
-------------
020010000000000000000000000300002F612F6D6F62696CH
USB_ReadData.DevIoCtrl ok
824E004A0006000000000316000300002F612F6D6F62696C652F736B696E732F42757369H
-------------
0211000000064F004A000000000000000500000008030000H
USB_WriteData.DevIoCtrl ok
-------------
020010000000000000000000000300002F612F6D6F62696CH
USB_ReadData.DevIoCtrl ok
824F004A0006000000000316000300002F612F627265772F7379732F627573696E657373H
-------------
02110000000650004A000000000000000500000008030000H
USB_WriteData.DevIoCtrl ok
-------------
020010000000000000000000000300002F612F627265772FH
USB_ReadData.DevIoCtrl ok
8250004A0006000000000316000300002F612F6D6F62696C652F736B696E732F42757369H
-------------
02110000000651004A000000000000000500000008030000H
USB_WriteData.DevIoCtrl ok
-------------
020010000000000000000000000300002F612F6D6F62696CH
USB_ReadData.DevIoCtrl ok
8251004A0006000000000316000300002F612F6D6F746F726F6C612F656D732F62757474H
-------------
02110000000652004A000000000000000500000008030000H
USB_WriteData.DevIoCtrl ok
-------------
020010000000000000000000000300002F612F6D6F746F72H
USB_ReadData.DevIoCtrl ok
8252004A0006000000000316000300002F612F627265772F6D6F642F627265776170706DH
-------------
02110000000653004A000000000000000500000008030000H
USB_WriteData.DevIoCtrl ok
-------------
020010000000000000000000000300002F612F627265772FH
USB_ReadData.DevIoCtrl ok
8253004A0006000000000316000300002F612F6D6F746F726F6C612F656D732F4368696DH
-------------
02110000000654004A000000000000000500000008030000H
USB_WriteData.DevIoCtrl ok
-------------
020010000000000000000000000300002F612F6D6F746F72H
USB_ReadData.DevIoCtrl ok
8254004A0006000000000316000300002F612F6D6F746F726F6C612F656D732F43686F72H
-------------
02110000000655004A000000000000000500000008030000H
USB_WriteData.DevIoCtrl ok
-------------
020010000000000000000000000300002F612F6D6F746F72H
USB_ReadData.DevIoCtrl ok
8255004A0006000000000316000300002F612F6D6F746F726F6C612F436F6C6F725F6261H
-------------
02110000000656004A000000000000000500000008030000H
USB_WriteData.DevIoCtrl ok
-------------
020010000000000000000000000300002F612F6D6F746F72H
USB_ReadData.DevIoCtrl ok
8256004A0006000000000316000300002F612F627265772F6D6F642F6170705F7068626BH
-------------
02110000000657004A000000000000000500000008030000H
USB_WriteData.DevIoCtrl ok
-------------
020010000000000000000000000300002F612F627265772FH
USB_ReadData.DevIoCtrl ok
8257004A0006000000000316000300002F612F627265772F6D6F642F6170705F7068626BH
-------------
02110000000658004A000000000000000500000008030000H
USB_WriteData.DevIoCtrl ok
-------------
020010000000000000000000000300002F612F627265772FH
USB_ReadData.DevIoCtrl ok
8258004A0006000000000316000300002F612F627265772F6D6F642F6172636D65646961H
-------------
02110000000659004A000000000000000500000008030000H
USB_WriteData.DevIoCtrl ok
-------------
020010000000000000000000000300002F612F627265772FH
USB_ReadData.DevIoCtrl ok
8259004A0006000000000316000300002F612F6D6F746F726F6C612F73797374656D2F63H
-------------
0211000000065A004A000000000000000500000008030000H
USB_WriteData.DevIoCtrl ok
-------------
020010000000000000000000000300002F612F6D6F746F72H
USB_ReadData.DevIoCtrl ok
825A004A0006000000000316000300002F612F627265772F6D6F642F6170705F6564632FH
-------------
0211000000065B004A000000000000000500000008030000H
USB_WriteData.DevIoCtrl ok
-------------
020010000000000000000000000300002F612F627265772FH
USB_ReadData.DevIoCtrl ok
825B004A0006000000000316000300002F612F627265772F6D6F642F6170705F6F626578H
-------------
0211000000065C004A000000000000000500000008030000H
USB_WriteData.DevIoCtrl ok
-------------
020010000000000000000000000300002F612F627265772FH
USB_ReadData.DevIoCtrl ok
825C004A0006000000000316000300002F612F6D6F746F726F6C612F62747072696E742FH
-------------
0211000000065D004A000000000000000500000008030000H
USB_WriteData.DevIoCtrl ok
-------------
020010000000000000000000000300002F612F6D6F746F72H
USB_ReadData.DevIoCtrl ok
825D004A0006000000000316000300002F612F627265772F6D6F642F6170705F6F626578H
-------------
0211000000065E004A000000000000000500000008030000H
USB_WriteData.DevIoCtrl ok
-------------
020010000000000000000000000300002F612F627265772FH
USB_ReadData.DevIoCtrl ok
825E004A0006000000000316000300002F612F627265772F6D6F642F6170705F6F626578H
-------------
0211000000065F004A000000000000000500000008030000H
USB_WriteData.DevIoCtrl ok
-------------
020010000000000000000000000300002F612F627265772FH
USB_ReadData.DevIoCtrl ok
825F004A0006000000000316000300002F612F6D6F746F726F6C612F62747072696E742FH
-------------
02110000000660004A000000000000000500000008030000H
USB_WriteData.DevIoCtrl ok
-------------
020010000000000000000000000300002F612F6D6F746F72H
USB_ReadData.DevIoCtrl ok
8260004A0006000000000316000300002F612F6D6F746F726F6C612F62747072696E742FH
-------------
02110000000661004A000000000000000500000008030000H
USB_WriteData.DevIoCtrl ok
-------------
020010000000000000000000000300002F612F6D6F746F72H
USB_ReadData.DevIoCtrl ok
8261004A0006000000000316000300002F612F6D6F746F726F6C612F62747072696E742FH
-------------
02110000000662004A000000000000000500000008030000H
USB_WriteData.DevIoCtrl ok
-------------
020010000000000000000000000300002F612F6D6F746F72H
USB_ReadData.DevIoCtrl ok
8262004A0006000000000316000300002F612F6D6F746F726F6C612F62747072696E742FH
-------------
02110000000663004A000000000000000500000008030000H
USB_WriteData.DevIoCtrl ok
-------------
020010000000000000000000000300002F612F6D6F746F72H
USB_ReadData.DevIoCtrl ok
8263004A0006000000000316000300002F612F6D6F746F726F6C612F62747072696E742FH
-------------
02110000000664004A000000000000000500000008030000H
USB_WriteData.DevIoCtrl ok
-------------
020010000000000000000000000300002F612F6D6F746F72H
USB_ReadData.DevIoCtrl ok
8264004A0006000000000316000300002F612F6D6F746F726F6C612F62747072696E742FH
-------------
02110000000665004A000000000000000500000008030000H
USB_WriteData.DevIoCtrl ok
-------------
020010000000000000000000000300002F612F6D6F746F72H
USB_ReadData.DevIoCtrl ok
8265004A0006000000000316000300002F612F6D6F62696C652F736B696E732F44656661H
-------------
02110000000666004A000000000000000500000008030000H
USB_WriteData.DevIoCtrl ok
-------------
020010000000000000000000000300002F612F6D6F62696CH
USB_ReadData.DevIoCtrl ok
8266004A0006000000000316000300002F612F6D6F62696C652F736B696E732F44656661H
-------------
02110000000667004A000000000000000500000008030000H
USB_WriteData.DevIoCtrl ok
-------------
020010000000000000000000000300002F612F6D6F62696CH
USB_ReadData.DevIoCtrl ok
8267004A0006000000000316000300002F612F6D6F62696C652F736B696E732F44656661H
-------------
02110000000668004A000000000000000500000008030000H
USB_WriteData.DevIoCtrl ok
-------------
020010000000000000000000000300002F612F6D6F62696CH
USB_ReadData.DevIoCtrl ok
8268004A0006000000000316000300002F612F6D6F746F726F6C612F62747072696E742FH
-------------
02110000000669004A000000000000000500000008030000H
USB_WriteData.DevIoCtrl ok
-------------
020010000000000000000000000300002F612F6D6F746F72H
USB_ReadData.DevIoCtrl ok
8269004A0006000000000316000300002F612F6D6F62696C652F736B696E732F44656661H
-------------
0211000000066A004A000000000000000500000008030000H
USB_WriteData.DevIoCtrl ok
-------------
020010000000000000000000000300002F612F6D6F62696CH
USB_ReadData.DevIoCtrl ok
826A004A0006000000000316000300002F612F6D6F746F726F6C612F62747072696E742FH
-------------
0211000000066B004A000000000000000500000008030000H
USB_WriteData.DevIoCtrl ok
-------------
020010000000000000000000000300002F612F6D6F746F72H
USB_ReadData.DevIoCtrl ok
826B004A0006000000000316000300002F612F627265772F6D6F642F31393931392F4465H
-------------
0211000000066C004A000000000000000500000008030000H
USB_WriteData.DevIoCtrl ok
-------------
020010000000000000000000000300002F612F627265772FH
USB_ReadData.DevIoCtrl ok
826C004A0006000000000316000300002F612F444C5F444D485F46696C65000000000000H
-------------
0211000000066D004A000000000000000500000008030000H
USB_WriteData.DevIoCtrl ok
-------------
020010000000000000000000000300002F612F444C5F444DH
USB_ReadData.DevIoCtrl ok
826D004A0006000000000316000300002F612F627265772F6D6F642F31393931392F446FH
-------------
0211000000066E004A000000000000000500000008030000H
USB_WriteData.DevIoCtrl ok
-------------
020010000000000000000000000300002F612F627265772FH
USB_ReadData.DevIoCtrl ok
826E004A0006000000000316000300002F612F6D6F746F726F6C612F656D732F4472756DH
-------------
0211000000066F004A000000000000000500000008030000H
USB_WriteData.DevIoCtrl ok
-------------
020010000000000000000000000300002F612F6D6F746F72H
USB_ReadData.DevIoCtrl ok
826F004A0006000000000316000300002F612F6D6F746F726F6C612F73657474696E6773H
-------------
02110000000670004A000000000000000500000008030000H
USB_WriteData.DevIoCtrl ok
-------------
020010000000000000000000000300002F612F6D6F746F72H
USB_ReadData.DevIoCtrl ok
8270004A0006000000000316000300002F612F627265772F6D6F642F6172636D65646961H
-------------
02110000000671004A000000000000000500000008030000H
USB_WriteData.DevIoCtrl ok
-------------
020010000000000000000000000300002F612F627265772FH
USB_ReadData.DevIoCtrl ok
8271004A0006000000000316000300002F612F627265772F6D6F642F6172636D65646961H
-------------
02110000000672004A000000000000000500000008030000H
USB_WriteData.DevIoCtrl ok
-------------
020010000000000000000000000300002F612F627265772FH
USB_ReadData.DevIoCtrl ok
8272004A0006000000000316000300002F612F627265772F6D6F642F6172636D65646961H
-------------
02110000000673004A000000000000000500000008030000H
USB_WriteData.DevIoCtrl ok
-------------
020010000000000000000000000300002F612F627265772FH
USB_ReadData.DevIoCtrl ok
8273004A0006000000000316000300002F612F627265772F6D6F642F6172636D65646961H
-------------
02110000000674004A000000000000000500000008030000H
USB_WriteData.DevIoCtrl ok
-------------
020010000000000000000000000300002F612F627265772FH
USB_ReadData.DevIoCtrl ok
8274004A0006000000000316000300002F612F627265772F6D6F642F6172636D65646961H
-------------
02110000000675004A000000000000000500000008030000H
USB_WriteData.DevIoCtrl ok
-------------
020010000000000000000000000300002F612F627265772FH
USB_ReadData.DevIoCtrl ok
8275004A0006000000000316000300002F612F627265772F6D6F642F6172636D65646961H
-------------
02110000000676004A000000000000000500000008030000H
USB_WriteData.DevIoCtrl ok
-------------
020010000000000000000000000300002F612F627265772FH
USB_ReadData.DevIoCtrl ok
8276004A0006000000000316000300002F612F454D535F6D6573736167655F302E62696EH
-------------
02110000000677004A000000000000000500000008030000H
USB_WriteData.DevIoCtrl ok
-------------
020010000000000000000000000300002F612F454D535F6DH
USB_ReadData.DevIoCtrl ok
8277004A0006000000000316000300002F612F454D535F736176652E746D700000000000H
-------------
02110000000678004A000000000000000500000008030000H
USB_WriteData.DevIoCtrl ok
-------------
020010000000000000000000000300002F612F454D535F73H
USB_ReadData.DevIoCtrl ok
8278004A0006000000000316000300002F612F6D6F746F726F6C612F7368617265642F76H
-------------
02110000000679004A000000000000000500000008030000H
USB_WriteData.DevIoCtrl ok
-------------
020010000000000000000000000300002F612F6D6F746F72H
USB_ReadData.DevIoCtrl ok
8279004A0006000000000316000300002F612F627265772F6D6F642F6172636D65646961H
-------------
0211000000067A004A000000000000000500000008030000H
USB_WriteData.DevIoCtrl ok
-------------
020010000000000000000000000300002F612F627265772FH
USB_ReadData.DevIoCtrl ok
827A004A0006000000000316000300002F612F6D6F746F726F6C612F466C69636B65725FH
-------------
0211000000067B004A000000000000000500000008030000H
USB_WriteData.DevIoCtrl ok
-------------
020010000000000000000000000300002F612F6D6F746F72H
USB_ReadData.DevIoCtrl ok
827B004A0006000000000316000300002F612F627265772F6D6F642F6D795F72696E6765H
-------------
0211000000067C004A000000000000000500000008030000H
USB_WriteData.DevIoCtrl ok
-------------
020010000000000000000000000300002F612F627265772FH
USB_ReadData.DevIoCtrl ok
827C004A0006000000000316000300002F612F627265772F6D6F642F627265776170706DH
-------------
0211000000067D004A000000000000000500000008030000H
USB_WriteData.DevIoCtrl ok
-------------
020010000000000000000000000300002F612F627265772FH
USB_ReadData.DevIoCtrl ok
827D004A0006000000000316000300002F612F627265772F6D6F642F6170705F73657474H
-------------
0211000000067E004A000000000000000500000008030000H
USB_WriteData.DevIoCtrl ok
-------------
020010000000000000000000000300002F612F627265772FH
USB_ReadData.DevIoCtrl ok
827E004A0006000000000316000300002F612F627265772F6D6F642F31303838392F4775H
-------------
0211000000067F004A000000000000000500000008030000H
USB_WriteData.DevIoCtrl ok
-------------
020010000000000000000000000300002F612F627265772FH
USB_ReadData.DevIoCtrl ok
827F004A0006000000000316000300002F612F6D6F746F726F6C612F656D732F68656172H
-------------
02110000000680004A000000000000000500000008030000H
USB_WriteData.DevIoCtrl ok
-------------
020010000000000000000000000300002F612F6D6F746F72H
USB_ReadData.DevIoCtrl ok
8280004A0006000000000316000300002F612F6D6F746F726F6C612F6D6D732F48692E67H
-------------
02110000000681004A000000000000000500000008030000H
USB_WriteData.DevIoCtrl ok
-------------
020010000000000000000000000300002F612F6D6F746F72H
USB_ReadData.DevIoCtrl ok
8281004A0006000000000316000300002F612F6D6F746F726F6C612F62747072696E742FH
-------------
02110000000682004A000000000000000500000008030000H
USB_WriteData.DevIoCtrl ok
-------------
020010000000000000000000000300002F612F6D6F746F72H
USB_ReadData.DevIoCtrl ok
8282004A0006000000000316000300002F612F6D6F746F726F6C612F62747072696E742FH
-------------
02110000000683004A000000000000000500000008030000H
USB_WriteData.DevIoCtrl ok
-------------
020010000000000000000000000300002F612F6D6F746F72H
USB_ReadData.DevIoCtrl ok
8283004A0006000000000316000300002F612F627265772F6D6F642F6170705F6F626578H
-------------
02110000000684004A000000000000000500000008030000H
USB_WriteData.DevIoCtrl ok
-------------
020010000000000000000000000300002F612F627265772FH
USB_ReadData.DevIoCtrl ok
8284004A0006000000000316000300002F612F6D6F746F726F6C612F62747072696E742FH
-------------
02110000000685004A000000000000000500000008030000H
USB_WriteData.DevIoCtrl ok
-------------
020010000000000000000000000300002F612F6D6F746F72H
USB_ReadData.DevIoCtrl ok
8285004A0006000000000316000300002F612F6D6F746F726F6C612F62747072696E742FH
-------------
02110000000686004A000000000000000500000008030000H
USB_WriteData.DevIoCtrl ok
-------------
020010000000000000000000000300002F612F6D6F746F72H
USB_ReadData.DevIoCtrl ok
8286004A0006000000000316000300002F612F6D6F746F726F6C612F62747072696E742FH
-------------
02110000000687004A000000000000000500000008030000H
USB_WriteData.DevIoCtrl ok
-------------
020010000000000000000000000300002F612F6D6F746F72H
USB_ReadData.DevIoCtrl ok
8287004A0006000000000316000300002F612F627265772F6D6F642F6170705F6F626578H
-------------
02110000000688004A000000000000000500000008030000H
USB_WriteData.DevIoCtrl ok
-------------
020010000000000000000000000300002F612F627265772FH
USB_ReadData.DevIoCtrl ok
8288004A0006000000000316000300002F612F6D6F746F726F6C612F62747072696E742FH
-------------
02110000000689004A000000000000000500000008030000H
USB_WriteData.DevIoCtrl ok
-------------
020010000000000000000000000300002F612F6D6F746F72H
USB_ReadData.DevIoCtrl ok
8289004A0006000000000316000300002F612F6D6F746F726F6C612F62747072696E742FH
-------------
0211000000068A004A000000000000000500000008030000H
USB_WriteData.DevIoCtrl ok
-------------
020010000000000000000000000300002F612F6D6F746F72H
USB_ReadData.DevIoCtrl ok
828A004A0006000000000316000300002F612F627265772F6D6F642F343937322F696E73H
-------------
0211000000068B004A000000000000000500000008030000H
USB_WriteData.DevIoCtrl ok
-------------
020010000000000000000000000300002F612F627265772FH
USB_ReadData.DevIoCtrl ok
828B004A0006000000000316000300002F612F627265772F6D6F642F343937322F696E73H
-------------
0211000000068C004A000000000000000500000008030000H
USB_WriteData.DevIoCtrl ok
-------------
020010000000000000000000000300002F612F627265772FH
USB_ReadData.DevIoCtrl ok
828C004A0006000000000316000300002F612F627265772F6D6F642F343937322F696E73H
-------------
0211000000068D004A000000000000000500000008030000H
USB_WriteData.DevIoCtrl ok
-------------
020010000000000000000000000300002F612F627265772FH
USB_ReadData.DevIoCtrl ok
828D004A0006000000000316000300002F612F69544150365F557365725F44696374696FH
-------------
0211000000068E004A000000000000000500000008030000H
USB_WriteData.DevIoCtrl ok
-------------
020010000000000000000000000300002F612F6954415036H
USB_ReadData.DevIoCtrl ok
828E004A0006000000000316000300002F612F627265772F6D6F642F6170705F6B657970H
-------------
0211000000068F004A000000000000000500000008030000H
USB_WriteData.DevIoCtrl ok
-------------
020010000000000000000000000300002F612F627265772FH
USB_ReadData.DevIoCtrl ok
828F004A0006000000000316000300002F612F6D6F746F726F6C612F656D732F4C617567H
-------------
02110000000690004A000000000000000500000008030000H
USB_WriteData.DevIoCtrl ok
-------------
020010000000000000000000000300002F612F6D6F746F72H
USB_ReadData.DevIoCtrl ok
8290004A0006000000000316000300002F612F6D6F746F726F6C612F656D732F6C697073H
-------------
02110000000691004A000000000000000500000008030000H
USB_WriteData.DevIoCtrl ok
-------------
020010000000000000000000000300002F612F6D6F746F72H
USB_ReadData.DevIoCtrl ok
8291004A0006000000000316000300002F612F627265772F6D6F642F6170705F6D61696EH
-------------
02110000000692004A000000000000000500000008030000H
USB_WriteData.DevIoCtrl ok
-------------
020010000000000000000000000300002F612F627265772FH
USB_ReadData.DevIoCtrl ok
8292004A0006000000000316000300002F612F627265772F6D6F642F6170705F6D61696EH
-------------
02110000000693004A000000000000000500000008030000H
USB_WriteData.DevIoCtrl ok
-------------
020010000000000000000000000300002F612F627265772FH
USB_ReadData.DevIoCtrl ok
8293004A0006000000000316000300002F612F627265772F6D6F642F6D795F72696E6765H
-------------
02110000000694004A000000000000000500000008030000H
USB_WriteData.DevIoCtrl ok
-------------
020010000000000000000000000300002F612F627265772FH
USB_ReadData.DevIoCtrl ok
8294004A0006000000000316000300002F612F6D6F62696C652F73797374656D2F6D6D65H
-------------
02110000000695004A000000000000000500000008030000H
USB_WriteData.DevIoCtrl ok
-------------
020010000000000000000000000300002F612F6D6F62696CH
USB_ReadData.DevIoCtrl ok
8295004A0006000000000316000300002F612F627265772F6D6F642F343937322F6D6F62H
-------------
02110000000696004A000000000000000500000008030000H
USB_WriteData.DevIoCtrl ok
-------------
020010000000000000000000000300002F612F627265772FH
USB_ReadData.DevIoCtrl ok
8296004A0006000000000316000300002F612F627265772F7379732F6D6F746F64656661H
-------------
02110000000697004A000000000000000500000008030000H
USB_WriteData.DevIoCtrl ok
-------------
020010000000000000000000000300002F612F627265772FH
USB_ReadData.DevIoCtrl ok
8297004A0006000000000316000300002F612F627265772F6D6F642F6D795F72696E6765H
-------------
02110000000698004A000000000000000500000008030000H
USB_WriteData.DevIoCtrl ok
-------------
020010000000000000000000000300002F612F627265772FH
USB_ReadData.DevIoCtrl ok
8298004A0006000000000316000300002F612F6D7367762E637373000000000000000000H
-------------
02110000000699004A000000000000000500000008030000H
USB_WriteData.DevIoCtrl ok
-------------
020010000000000000000000000300002F612F6D7367762EH
USB_ReadData.DevIoCtrl ok
8299004A0006000000000316000300002F612F6D6F746F726F6C612F62747072696E742FH
-------------
0211000000069A004A000000000000000500000008030000H
USB_WriteData.DevIoCtrl ok
-------------
020010000000000000000000000300002F612F6D6F746F72H
USB_ReadData.DevIoCtrl ok
829A004A0006000000000316000300002F612F627265772F6D6F642F6170705F6F626578H
-------------
0211000000069B004A000000000000000500000008030000H
USB_WriteData.DevIoCtrl ok
-------------
020010000000000000000000000300002F612F627265772FH
USB_ReadData.DevIoCtrl ok
829B004A0006000000000316000300002F612F627265772F6D6F642F6170705F6F626578H
-------------
0211000000069C004A000000000000000500000008030000H
USB_WriteData.DevIoCtrl ok
-------------
020010000000000000000000000300002F612F627265772FH
USB_ReadData.DevIoCtrl ok
829C004A0006000000000316000300002F612F6D6F746F726F6C612F62747072696E742FH
-------------
0211000000069D004A000000000000000500000008030000H
USB_WriteData.DevIoCtrl ok
-------------
020010000000000000000000000300002F612F6D6F746F72H
USB_ReadData.DevIoCtrl ok
829D004A0006000000000316000300002F612F6D6F746F726F6C612F62747072696E742FH
-------------
0211000000069E004A000000000000000500000008030000H
USB_WriteData.DevIoCtrl ok
-------------
020010000000000000000000000300002F612F6D6F746F72H
USB_ReadData.DevIoCtrl ok
829E004A0006000000000316000300002F612F6D6F746F726F6C612F62747072696E742FH
-------------
0211000000069F004A000000000000000500000008030000H
USB_WriteData.DevIoCtrl ok
-------------
020010000000000000000000000300002F612F6D6F746F72H
USB_ReadData.DevIoCtrl ok
829F004A0006000000000316000300002F612F627265772F6D6F642F6170705F6F626578H
-------------
021100000006A0004A000000000000000500000008030000H
USB_WriteData.DevIoCtrl ok
-------------
020010000000000000000000000300002F612F627265772FH
USB_ReadData.DevIoCtrl ok
82A0004A0006000000000316000300002F612F6D6F746F726F6C612F62747072696E742FH
-------------
021100000006A1004A000000000000000500000008030000H
USB_WriteData.DevIoCtrl ok
-------------
020010000000000000000000000300002F612F6D6F746F72H
USB_ReadData.DevIoCtrl ok
82A1004A0006000000000316000300002F612F6D6F746F726F6C612F62747072696E742FH
-------------
021100000006A2004A000000000000000500000008030000H
USB_WriteData.DevIoCtrl ok
-------------
020010000000000000000000000300002F612F6D6F746F72H
USB_ReadData.DevIoCtrl ok
82A2004A0006000000000316000300002F612F4D79546F6E6544422E6462000000000000H
-------------
021100000006A3004A000000000000000500000008030000H
USB_WriteData.DevIoCtrl ok
-------------
020010000000000000000000000300002F612F4D79546F6EH
USB_ReadData.DevIoCtrl ok
82A3004A0006000000000316000300002F612F627265772F6D6F642F6172636D65646961H
-------------
021100000006A4004A000000000000000500000008030000H
USB_WriteData.DevIoCtrl ok
-------------
020010000000000000000000000300002F612F627265772FH
USB_ReadData.DevIoCtrl ok
82A4004A0006000000000316000300002F612F627265772F6D6F642F6170705F6E756D62H
-------------
021100000006A5004A000000000000000500000008030000H
USB_WriteData.DevIoCtrl ok
-------------
020010000000000000000000000300002F612F627265772FH
USB_ReadData.DevIoCtrl ok
82A5004A0006000000000316000300002F612F627265772F7379732F656E2F6F656D6D73H
-------------
021100000006A6004A000000000000000500000008030000H
USB_WriteData.DevIoCtrl ok
-------------
020010000000000000000000000300002F612F627265772FH
USB_ReadData.DevIoCtrl ok
82A6004A0006000000000316000300002F612F627265772F6D6F642F6170705F6F74612FH
-------------
021100000006A7004A000000000000000500000008030000H
USB_WriteData.DevIoCtrl ok
-------------
020010000000000000000000000300002F612F627265772FH
USB_ReadData.DevIoCtrl ok
82A7004A0006000000000316000300002F612F627265772F6D6F642F33313731332F7061H
-------------
021100000006A8004A000000000000000500000008030000H
USB_WriteData.DevIoCtrl ok
-------------
020010000000000000000000000300002F612F627265772FH
USB_ReadData.DevIoCtrl ok
82A8004A0006000000000316000300002F612F6D6F746F726F6C612F62747072696E742FH
-------------
021100000006A9004A000000000000000500000008030000H
USB_WriteData.DevIoCtrl ok
-------------
020010000000000000000000000300002F612F6D6F746F72H
USB_ReadData.DevIoCtrl ok
82A9004A0006000000000316000300002F612F627265772F6D6F642F6170705F6F626578H
-------------
021100000006AA004A000000000000000500000008030000H
USB_WriteData.DevIoCtrl ok
-------------
020010000000000000000000000300002F612F627265772FH
USB_ReadData.DevIoCtrl ok
82AA004A0006000000000316000300002F612F6D6F746F726F6C612F62747072696E742FH
-------------
021100000006AB004A000000000000000500000008030000H
USB_WriteData.DevIoCtrl ok
-------------
020010000000000000000000000300002F612F6D6F746F72H
USB_ReadData.DevIoCtrl ok
82AB004A0006000000000316000300002F612F627265772F6D6F642F6170705F6F626578H
-------------
021100000006AC004A000000000000000500000008030000H
USB_WriteData.DevIoCtrl ok
-------------
020010000000000000000000000300002F612F627265772FH
USB_ReadData.DevIoCtrl ok
82AC004A0006000000000316000300002F612F6D6F746F726F6C612F62747072696E742FH
-------------
021100000006AD004A000000000000000500000008030000H
USB_WriteData.DevIoCtrl ok
-------------
020010000000000000000000000300002F612F6D6F746F72H
USB_ReadData.DevIoCtrl ok
82AD004A0006000000000316000300002F612F6D6F746F726F6C612F62747072696E742FH
-------------
021100000006AE004A000000000000000500000008030000H
USB_WriteData.DevIoCtrl ok
-------------
020010000000000000000000000300002F612F6D6F746F72H
USB_ReadData.DevIoCtrl ok
82AE004A0006000000000316000300002F612F6D6F746F726F6C612F62747072696E742FH
-------------
021100000006AF004A000000000000000500000008030000H
USB_WriteData.DevIoCtrl ok
-------------
020010000000000000000000000300002F612F6D6F746F72H
USB_ReadData.DevIoCtrl ok
82AF004A0006000000000316000300002F612F627265772F6D6F642F31303838392F706CH
-------------
021100000006B0004A000000000000000500000008030000H
USB_WriteData.DevIoCtrl ok
-------------
020010000000000000000000000300002F612F627265772FH
USB_ReadData.DevIoCtrl ok
82B0004A0006000000000316000300002F612F627265772F6D6F642F31393931392F5261H
-------------
021100000006B1004A000000000000000500000008030000H
USB_WriteData.DevIoCtrl ok
-------------
020010000000000000000000000300002F612F627265772FH
USB_ReadData.DevIoCtrl ok
82B1004A0006000000000316000300002F612F627265772F6D6F642F6170705F72656365H
-------------
021100000006B2004A000000000000000500000008030000H
USB_WriteData.DevIoCtrl ok
-------------
020010000000000000000000000300002F612F627265772FH
USB_ReadData.DevIoCtrl ok
82B2004A0006000000000316000300002F612F6D6F746F726F6C612F6D6D732F52756E6EH
-------------
021100000006B3004A000000000000000500000008030000H
USB_WriteData.DevIoCtrl ok
-------------
020010000000000000000000000300002F612F6D6F746F72H
USB_ReadData.DevIoCtrl ok
82B3004A0006000000000316000300002F612F627265772F6D6F642F31393931392F5361H
-------------
021100000006B4004A000000000000000500000008030000H
USB_WriteData.DevIoCtrl ok
-------------
020010000000000000000000000300002F612F627265772FH
USB_ReadData.DevIoCtrl ok
82B4004A0006000000000316000300002F612F627265772F6D6F642F6170705F73657474H
-------------
021100000006B5004A000000000000000500000008030000H
USB_WriteData.DevIoCtrl ok
-------------
020010000000000000000000000300002F612F627265772FH
USB_ReadData.DevIoCtrl ok
82B5004A0006000000000316000300002F612F627265772F6D6F642F6170705F73657474H
-------------
021100000006B6004A000000000000000500000008030000H
USB_WriteData.DevIoCtrl ok
-------------
020010000000000000000000000300002F612F627265772FH
USB_ReadData.DevIoCtrl ok
82B6004A0006000000000316000300002F612F627265772F6D6F642F6170705F73657474H
-------------
021100000006B7004A000000000000000500000008030000H
USB_WriteData.DevIoCtrl ok
-------------
020010000000000000000000000300002F612F627265772FH
USB_ReadData.DevIoCtrl ok
82B7004A0006000000000316000300002F612F627265772F6D6F642F31393931392F5368H
-------------
021100000006B8004A000000000000000500000008030000H
USB_WriteData.DevIoCtrl ok
-------------
020010000000000000000000000300002F612F627265772FH
USB_ReadData.DevIoCtrl ok
82B8004A0006000000000316000300002F612F627265772F6D6F642F6172636D65646961H
-------------
021100000006B9004A000000000000000500000008030000H
USB_WriteData.DevIoCtrl ok
-------------
020010000000000000000000000300002F612F627265772FH
USB_ReadData.DevIoCtrl ok
82B9004A0006000000000316000300002F612F627265772F6D6F642F6D795F72696E6765H
-------------
021100000006BA004A000000000000000500000008030000H
USB_WriteData.DevIoCtrl ok
-------------
020010000000000000000000000300002F612F627265772FH
USB_ReadData.DevIoCtrl ok
82BA004A0006000000000316000300002F612F736D696C2E637373000000000000000000H
-------------
021100000006BB004A000000000000000500000008030000H
USB_WriteData.DevIoCtrl ok
-------------
020010000000000000000000000300002F612F736D696C2EH
USB_ReadData.DevIoCtrl ok
82BB004A0006000000000316000300002F612F627265772F6D6F642F6170705F73657474H
-------------
021100000006BC004A000000000000000500000008030000H
USB_WriteData.DevIoCtrl ok
-------------
020010000000000000000000000300002F612F627265772FH
USB_ReadData.DevIoCtrl ok
82BC004A0006000000000316000300002F612F627265772F6D6F642F6D795F72696E6765H
-------------
021100000006BD004A000000000000000500000008030000H
USB_WriteData.DevIoCtrl ok
-------------
020010000000000000000000000300002F612F627265772FH
USB_ReadData.DevIoCtrl ok
82BD004A0006000000000316000300002F612F6D6F746F726F6C612F656D732F73756E2EH
-------------
021100000006BE004A000000000000000500000008030000H
USB_WriteData.DevIoCtrl ok
-------------
020010000000000000000000000300002F612F6D6F746F72H
USB_ReadData.DevIoCtrl ok
82BE004A0006000000000316000300002F612F6D6F746F726F6C612F656D732F54616461H
-------------
021100000006BF004A000000000000000500000008030000H
USB_WriteData.DevIoCtrl ok
-------------
020010000000000000000000000300002F612F6D6F746F72H
USB_ReadData.DevIoCtrl ok
82BF004A0006000000000316000300002F612F627265772F6D6F642F33383635342F7465H
-------------
021100000006C0004A000000000000000500000008030000H
USB_WriteData.DevIoCtrl ok
-------------
020010000000000000000000000300002F612F627265772FH
USB_ReadData.DevIoCtrl ok
82C0004A0006000000000316000300002F612F627265772F6D6F642F726D5F706C616E6EH
-------------
021100000006C1004A000000000000000500000008030000H
USB_WriteData.DevIoCtrl ok
-------------
020010000000000000000000000300002F612F627265772FH
USB_ReadData.DevIoCtrl ok
82C1004A0006000000000316000300002F612F546D70546E6544422E6462000000000000H
-------------
021100000006C2004A000000000000000500000008030000H
USB_WriteData.DevIoCtrl ok
-------------
020010000000000000000000000300002F612F546D70546EH
USB_ReadData.DevIoCtrl ok
82C2004A0006000000000316000300002F612F6D6F62696C652F736B696E732F54726F70H
-------------
021100000006C3004A000000000000000500000008030000H
USB_WriteData.DevIoCtrl ok
-------------
020010000000000000000000000300002F612F6D6F62696CH
USB_ReadData.DevIoCtrl ok
82C3004A0006000000000316000300002F612F6D6F62696C652F736B696E732F54726F70H
-------------
021100000006C4004A000000000000000500000008030000H
USB_WriteData.DevIoCtrl ok
-------------
020010000000000000000000000300002F612F6D6F62696CH
USB_ReadData.DevIoCtrl ok
82C4004A0006000000000316000300002F612F6D6F62696C652F736B696E732F54726F70H
-------------
021100000006C5004A000000000000000500000008030000H
USB_WriteData.DevIoCtrl ok
-------------
020010000000000000000000000300002F612F6D6F62696CH
USB_ReadData.DevIoCtrl ok
82C5004A0006000000000316000300002F612F6D6F62696C652F736B696E732F54726F70H
-------------
021100000006C6004A000000000000000500000008030000H
USB_WriteData.DevIoCtrl ok
-------------
020010000000000000000000000300002F612F6D6F62696CH
USB_ReadData.DevIoCtrl ok
82C6004A0006000000000316000300002F612F6D6F62696C652F736B696E732F54726F70H
-------------
021100000006C7004A000000000000000500000008030000H
USB_WriteData.DevIoCtrl ok
-------------
020010000000000000000000000300002F612F6D6F62696CH
USB_ReadData.DevIoCtrl ok
82C7004A0006000000000316000300002F612F627265772F6D6F642F6172636D65646961H
-------------
021100000006C8004A000000000000000500000008030000H
USB_WriteData.DevIoCtrl ok
-------------
020010000000000000000000000300002F612F627265772FH
USB_ReadData.DevIoCtrl ok
82C8004A0006000000000316000300002F612F6D6F746F726F6C612F656D732F756D6272H
-------------
021100000006C9004A000000000000000500000008030000H
USB_WriteData.DevIoCtrl ok
-------------
020010000000000000000000000300002F612F6D6F746F72H
USB_ReadData.DevIoCtrl ok
82C9004A0006000000000316000300002F612F627265772F6D6F642F31393931392F5620H
-------------
021100000006CA004A000000000000000500000008030000H
USB_WriteData.DevIoCtrl ok
-------------
020010000000000000000000000300002F612F627265772FH
USB_ReadData.DevIoCtrl ok
82CA004A0006000000000316000300002F612F6D6F62696C652F766572697A6F6E2E6769H
-------------
021100000006CB004A000000000000000500000008030000H
USB_WriteData.DevIoCtrl ok
-------------
020010000000000000000000000300002F612F6D6F62696CH
USB_ReadData.DevIoCtrl ok
82CB004A0006000000000316000300002F612F627265772F6D6F642F6170705F74617069H
-------------
021100000006CC004A000000000000000500000008030000H
USB_WriteData.DevIoCtrl ok
-------------
020010000000000000000000000300002F612F627265772FH
USB_ReadData.DevIoCtrl ok
82CC004A0006000000000316000300002F612F6D6F746F726F6C612F7368617265642F76H
-------------
021100000006CD004A000000000000000500000008030000H
USB_WriteData.DevIoCtrl ok
-------------
020010000000000000000000000300002F612F6D6F746F72H
USB_ReadData.DevIoCtrl ok
82CD004A0006000000000316000300002F612F627265772F6D6F642F6D795F72696E6765H
-------------
021100000006CE004A000000000000000500000008030000H
USB_WriteData.DevIoCtrl ok
-------------
020010000000000000000000000300002F612F627265772FH
USB_ReadData.DevIoCtrl ok
82CE004A0006000000000316000300002F612F6D6F746F726F6C612F5854414C4B5F7061H
-------------
021100000006CF004A000000000000000500000008030000H
USB_WriteData.DevIoCtrl ok
-------------
020010000000000000000000000300002F612F6D6F746F72H
USB_ReadData.DevIoCtrl ok
CMD: Answer packet invalid!
020E00000006D00096000000000000000201000000000000H
USB_WriteData.DevIoCtrl ok
-------------
020010000000000000000000000300002F612F6D6F746F72H
USB_ReadData.DevIoCtrl ok
CMD: Answer packet invalid!
020E00000006D10096000000000000000200000000000000H
USB_WriteData.DevIoCtrl ok
-------------
020010000000000000000000000300002F612F6D6F746F72H
USB_ReadData.DevIoCtrl ok
CMD: Answer packet invalid!
020E00000006D200390000000000000002FFFF0000000000H
USB_WriteData.DevIoCtrl ok
-------------
020010000000000000000000000300002F612F6D6F746F72H
USB_ReadData.DevIoCtrl ok
82D2003900060000000000121140282329504152535F30312E31352E3044414C4B5F7061H
-------------
